userToken
userToken
7b24093c-c5a5-428d-a09f-8b7086f2b89cuserTokenGET200/"HTTP/1.1
b9ea3f29-f63c-492d-9d97-df53c0f660beuserTokenGET404/favicon.ico"HTTP/1.1
679baf6a-2b5f-4903-9c4c-4e5f92c05188userTokenGET404/todos"HTTP/1.1
73b48a69-24bb-4aca-8662-56bd30b17516userTokenGET404/todos"HTTP/1.1
b36f561f-05f9-42e7-baa8-690b73b61dd6userTokenOPTIONS404/todos"HTTP/1.1
42d8d897-91e9-4ff2-a927-d6c17d270c17userTokenOPTIONS404/todos"HTTP/1.1
230a17c6-90c3-4950-a201-ff01c47195dfuserTokenOPTIONS404/todos"HTTP/1.1
ac3fb376-c498-4902-9f19-39930e2841a5userTokenGET200/"HTTP/1.1
1204bae7-780a-4fd0-9fe7-9522d6552c19userTokenGET404/favicon.ico"HTTP/1.1
8584e135-97f0-4c44-9c51-b09f08ef5957userTokenGET404/todos"HTTP/1.1
8f3b4332-33f9-4cc4-957b-2ee7b9218dfduserTokenOPTIONS404/todos"HTTP/1.1
f3c269a8-00e5-4cea-85aa-899b69b2ac30userTokenOPTIONS404/todos"HTTP/1.1
56637d1f-d504-4781-8ceb-c9c1aeacbdc1userTokenOPTIONS404/todos"HTTP/1.1
a1f66e13-22b2-4e6a-9bd8-2a3005554619userTokenOPTIONS404/todos"HTTP/1.1
7ca30f19-3e8e-45b1-9052-47c2c9c2e332userTokenGET200/"HTTP/1.1
57bf6749-e851-4d0c-a300-7907eda50b35userTokenGET404/favicon.ico"HTTP/1.1
3ee1d542-d307-49fa-b03c-9fb37dfd3f16userTokenGET404/todos"HTTP/1.1
04bae88b-615b-4ce8-be0e-d788f31442aauserTokenGET404/todos"HTTP/1.1
c792b2e7-2345-4ad0-afe8-3e2c371dbe2cuserTokenGET404/todos"HTTP/1.1
85d3cd68-11f9-4d65-a9f3-3426ab0627cduserTokenGET200/"HTTP/1.1
d7c3ab69-d04d-4006-88b3-f7dac26886c6userTokenGET404/favicon.ico"HTTP/1.1
f0ee3f34-c3af-4e4f-8bb8-98bd113e1496userTokenGET404/todos"HTTP/1.1
